Build started 3/3/2015 6:11:19 PM.
     1>Project "C:\Users\Masaud\Desktop\bcc\GL262Labs\labs\c262_lab03\lab01.vcxproj" on node 2 (Build target(s)).
     1>ClCompile:
         C:\Program Files (x86)\Microsoft Visual Studio 12.0\VC\bin\CL.exe /c /I..\..\external\freeglut\include /I"..\..\external\glew-1.10.0\include" /ZI /nologo /W3 /WX- /Od /Oy- /D _MBCS /Gm /EHsc /RTC1 /MDd /GS /fp:precise /Zc:wchar_t /Zc:forScope /Fo"Debug\\" /Fd"Debug\vc120.pdb" /Gd /TP /analyze- /errorReport:prompt src\c262_lab03.cpp src\Model.cpp src\Shader.cpp
         Shader.cpp
     1>c:\users\masaud\desktop\bcc\gl262labs\labs\c262_lab03\src\shader.h(4): fatal error C1083: Cannot open include file: 'GL/glew.h': No such file or directory
         Model.cpp
     1>c:\users\masaud\desktop\bcc\gl262labs\labs\c262_lab03\src\shader.h(4): fatal error C1083: Cannot open include file: 'GL/glew.h': No such file or directory
         c262_lab03.cpp
     1>c:\users\masaud\desktop\bcc\gl262labs\labs\c262_lab03\src\c262_lab03.cpp(1): fatal error C1083: Cannot open include file: 'GL/glew.h': No such file or directory
         Generating Code...
     1>Done Building Project "C:\Users\Masaud\Desktop\bcc\GL262Labs\labs\c262_lab03\lab01.vcxproj" (Build target(s)) -- FAILED.

Build FAILED.

Time Elapsed 00:00:04.22
